<?xml version="1.0" encoding="UTF-8"?>
<!-- Generated by org.testng.reporters.JUnitReportReporter -->
<testsuite hostname="EPINHYDW00CA" failures="0" tests="1" name="com.aisera.task.AppTest" time="0.004" errors="0" timestamp="2022-09-15T11:49:50 IST" skipped="0">
  <testcase classname="com.aisera.task.AppTest" name="shouldAnswerWithTrue" time="0.004"/>
  <system-out/>
</testsuite> <!-- com.aisera.task.AppTest -->
