<?xml version="1.0" encoding="UTF-8"?>
<!-- Generated by org.testng.reporters.JUnitReportReporter -->
<testsuite hostname="EPINHYDW00CA" failures="0" tests="2" name="tests.ToptalTests" time="12.965" errors="0" timestamp="2022-09-16T02:11:58 IST" skipped="0">
  <testcase classname="tests.ToptalTests" name="verifying_presence_of_ApplyAsAFreeLancer_Links" time="4.608"/>
  <system-out/>
  <testcase classname="tests.ToptalTests" name="ApplyToToptal" time="8.357"/>
  <system-out/>
</testsuite> <!-- tests.ToptalTests -->
