<?xml version="1.0" encoding="UTF-8"?>
<!-- Generated by org.testng.reporters.JUnitReportReporter -->
<testsuite hostname="EPINHYDW00CA" failures="0" tests="3" name="tests.GoogleTests" time="13.819" errors="0" timestamp="2022-09-16T02:11:58 IST" skipped="0">
  <testcase classname="tests.GoogleTests" name="verifying_Navigation_to_About_by_Url" time="5.771"/>
  <system-out/>
  <testcase classname="tests.GoogleTests" name="verifying_Navigation_to_Business_by_Url" time="5.118"/>
  <system-out/>
  <testcase classname="tests.GoogleTests" name="verifying_presence_of_About_and_Business_Links" time="2.930"/>
  <system-out/>
</testsuite> <!-- tests.GoogleTests -->
