<?xml version="1.0" encoding="UTF-8"?>
<!-- Generated by org.testng.reporters.JUnitReportReporter -->
<testsuite hostname="EPINHYDW00CA" failures="0" tests="3" name="tests.GoogleTests" time="11.032" errors="0" timestamp="2022-09-17T09:32:11 IST" skipped="0">
  <testcase classname="tests.GoogleTests" name="verifying_Navigation_to_About_by_Url" time="4.309"/>
  <system-out/>
  <testcase classname="tests.GoogleTests" name="verifying_presence_of_About_and_Business_Links" time="2.373"/>
  <system-out/>
  <testcase classname="tests.GoogleTests" name="verifying_Navigation_to_Business_by_Url" time="4.350"/>
  <system-out/>
</testsuite> <!-- tests.GoogleTests -->
